1673599138105:help
1673600216625:hello
1673600227632:hello_to
1673600235636:hello-to
1673600254645:hello-to Jack
1673600263658:hello-to Р•РІРіРµРЅРёР№
1673600271652:history
1673600282664:hello-to Р•РІРіРµРЅРёР№ РЎРµРјРµРЅРѕРІРёС‡
1673700982750:help
1673703196956:add_category brearey
1673703215316:add_category мониторы
1673703267519:add_category русский
1673703277191:ls
1673703286684:add_category a a
1673703306562:add_category 222
1673703318476:add_category
1673703756820:add_category asd asd
1673704542463:help
1673704547517:get_category
1673704601049:add_category comps
1673704608351:get_category
1673704665112:add_category comps
1673704670897:get_category
1673705173129:add_category comps
1673705179613:get_category
1673705568948:add_category comps
1673705582561:add_category monics
1673705592765:add_category mouses
1673705597439:add_category keys
1673705603804:get_category
